# JRE version: Java(TM) SE Runtime Environment (8.0_131-b11) (build 1.8.0_131-b11)
# Java VM: Java HotSpot(TM) 64-Bit Server VM (25.131-b11 mixed mode bsd-amd64 compressed oops)
Heap:
 PSYoungGen      total 637440K, used 42750K [0x0000000795580000, 0x00000007bfc00000, 0x00000007c0000000)
  eden space 582144K, 2% used [0x0000000795580000,0x0000000796391f08,0x00000007b8e00000)
  from space 55296K, 51% used [0x00000007b8e00000,0x00000007ba9adaa8,0x00000007bc400000)
  to   space 53248K, 0% used [0x00000007bc800000,0x00000007bc800000,0x00000007bfc00000)
 ParOldGen       total 720384K, used 555747K [0x0000000740000000, 0x000000076bf80000, 0x0000000795580000)
  object space 720384K, 77% used [0x0000000740000000,0x0000000761eb8ee8,0x000000076bf80000)
 Metaspace       used 170474K, capacity 193312K, committed 193432K, reserved 1216512K
  class space    used 19886K, capacity 25917K, committed 26024K, reserved 1048576K
GC Heap History (10 events):
Event: 203955.873 GC heap before
{Heap before GC invocations=1599 (full 8):
 PSYoungGen      total 632320K, used 593445K [0x0000000795580000, 0x00000007bfc00000, 0x00000007c0000000)
  eden space 569856K, 100% used [0x0000000795580000,0x00000007b8200000,0x00000007b8200000)
  from space 62464K, 37% used [0x00000007bbf00000,0x00000007bd609780,0x00000007bfc00000)
  to   space 62464K, 0% used [0x00000007b8200000,0x00000007b8200000,0x00000007bbf00000)
 ParOldGen       total 720384K, used 552145K [0x0000000740000000, 0x000000076bf80000, 0x0000000795580000)
  object space 720384K, 76% used [0x0000000740000000,0x0000000761b34490,0x000000076bf80000)
 Metaspace       used 170393K, capacity 193156K, committed 193304K, reserved 1216512K
  class space    used 19877K, capacity 25874K, committed 25896K, reserved 1048576K
Event: 203955.905 GC heap after
Heap after GC invocations=1599 (full 8):
 PSYoungGen      total 632320K, used 24029K [0x0000000795580000, 0x00000007bfd00000, 0x00000007c0000000)
  eden space 569856K, 0% used [0x0000000795580000,0x0000000795580000,0x00000007b8200000)
  from space 62464K, 38% used [0x00000007b8200000,0x00000007b9977528,0x00000007bbf00000)
  to   space 60928K, 0% used [0x00000007bc180000,0x00000007bc180000,0x00000007bfd00000)
 ParOldGen       total 720384K, used 552249K [0x0000000740000000, 0x000000076bf80000, 0x0000000795580000)
  object space 720384K, 76% used [0x0000000740000000,0x0000000761b4e490,0x000000076bf80000)
 Metaspace       used 170393K, capacity 193156K, committed 193304K, reserved 1216512K
  class space    used 19877K, capacity 25874K, committed 25896K, reserved 1048576K
}
Event: 203977.715 GC heap before
{Heap before GC invocations=1600 (full 8):
 PSYoungGen      total 632320K, used 593885K [0x0000000795580000, 0x00000007bfd00000, 0x00000007c0000000)
  eden space 569856K, 100% used [0x0000000795580000,0x00000007b8200000,0x00000007b8200000)
  from space 62464K, 38% used [0x00000007b8200000,0x00000007b9977528,0x00000007bbf00000)
  to   space 60928K, 0% used [0x00000007bc180000,0x00000007bc180000,0x00000007bfd00000)
 ParOldGen       total 720384K, used 552249K [0x0000000740000000, 0x000000076bf80000, 0x0000000795580000)
  object space 720384K, 76% used [0x0000000740000000,0x0000000761b4e490,0x000000076bf80000)
 Metaspace       used 170411K, capacity 193156K, committed 193304K, reserved 1216512K
  class space    used 19877K, capacity 25874K, committed 25896K, reserved 1048576K
Event: 203977.754 GC heap after
Heap after GC invocations=1600 (full 8):
 PSYoungGen      total 634880K, used 23716K [0x0000000795580000, 0x00000007bfb80000, 0x00000007c0000000)
  eden space 575488K, 0% used [0x0000000795580000,0x0000000795580000,0x00000007b8780000)
  from space 59392K, 39% used [0x00000007bc180000,0x00000007bd8a9380,0x00000007bfb80000)
  to   space 59392K, 0% used [0x00000007b8780000,0x00000007b8780000,0x00000007bc180000)
 ParOldGen       total 720384K, used 553121K [0x0000000740000000, 0x000000076bf80000, 0x0000000795580000)
  object space 720384K, 76% used [0x0000000740000000,0x0000000761c28490,0x000000076bf80000)
 Metaspace       used 170411K, capacity 193156K, committed 193304K, reserved 1216512K
  class space    used 19877K, capacity 25874K, committed 25896K, reserved 1048576K
}
Event: 204924.633 GC heap before
{Heap before GC invocations=1601 (full 8):
 PSYoungGen      total 634880K, used 599204K [0x0000000795580000, 0x00000007bfb80000, 0x00000007c0000000)
  eden space 575488K, 100% used [0x0000000795580000,0x00000007b8780000,0x00000007b8780000)
  from space 59392K, 39% used [0x00000007bc180000,0x00000007bd8a9380,0x00000007bfb80000)
  to   space 59392K, 0% used [0x00000007b8780000,0x00000007b8780000,0x00000007bc180000)
 ParOldGen       total 720384K, used 553121K [0x0000000740000000, 0x000000076bf80000, 0x0000000795580000)
  object space 720384K, 76% used [0x0000000740000000,0x0000000761c28490,0x000000076bf80000)
 Metaspace       used 170411K, capacity 193156K, committed 193304K, reserved 1216512K
  class space    used 19877K, capacity 25874K, committed 25896K, reserved 1048576K
Event: 204924.791 GC heap after
Heap after GC invocations=1601 (full 8):
 PSYoungGen      total 634880K, used 26266K [0x0000000795580000, 0x00000007bfc00000, 0x00000007c0000000)
  eden space 575488K, 0% used [0x0000000795580000,0x0000000795580000,0x00000007b8780000)
  from space 59392K, 44% used [0x00000007b8780000,0x00000007ba126b58,0x00000007bc180000)
  to   space 57344K, 0% used [0x00000007bc400000,0x00000007bc400000,0x00000007bfc00000)
 ParOldGen       total 720384K, used 553305K [0x0000000740000000, 0x000000076bf80000, 0x0000000795580000)
  object space 720384K, 76% used [0x0000000740000000,0x0000000761c56490,0x000000076bf80000)
 Metaspace       used 170411K, capacity 193156K, committed 193304K, reserved 1216512K
  class space    used 19877K, capacity 25874K, committed 25896K, reserved 1048576K
}
Event: 204950.479 GC heap before
{Heap before GC invocations=1602 (full 8):
 PSYoungGen      total 634880K, used 601754K [0x0000000795580000, 0x00000007bfc00000, 0x00000007c0000000)
  eden space 575488K, 100% used [0x0000000795580000,0x00000007b8780000,0x00000007b8780000)
  from space 59392K, 44% used [0x00000007b8780000,0x00000007ba126b58,0x00000007bc180000)
  to   space 57344K, 0% used [0x00000007bc400000,0x00000007bc400000,0x00000007bfc00000)
 ParOldGen       total 720384K, used 553305K [0x0000000740000000, 0x000000076bf80000, 0x0000000795580000)
  object space 720384K, 76% used [0x0000000740000000,0x0000000761c56490,0x000000076bf80000)
 Metaspace       used 170470K, capacity 193312K, committed 193432K, reserved 1216512K
  class space    used 19886K, capacity 25917K, committed 26024K, reserved 1048576K
Event: 204950.568 GC heap after
Heap after GC invocations=1602 (full 8):
 PSYoungGen      total 637440K, used 31526K [0x0000000795580000, 0x00000007bfa00000, 0x00000007c0000000)
  eden space 582144K, 0% used [0x0000000795580000,0x0000000795580000,0x00000007b8e00000)
  from space 55296K, 57% used [0x00000007bc400000,0x00000007be2c9b90,0x00000007bfa00000)
  to   space 55296K, 0% used [0x00000007b8e00000,0x00000007b8e00000,0x00000007bc400000)
 ParOldGen       total 720384K, used 553361K [0x0000000740000000, 0x000000076bf80000, 0x0000000795580000)
  object space 720384K, 76% used [0x0000000740000000,0x0000000761c64490,0x000000076bf80000)
 Metaspace       used 170470K, capacity 193312K, committed 193432K, reserved 1216512K
  class space    used 19886K, capacity 25917K, committed 26024K, reserved 1048576K
}
Event: 207584.203 GC heap before
{Heap before GC invocations=1603 (full 8):
 PSYoungGen      total 637440K, used 613670K [0x0000000795580000, 0x00000007bfa00000, 0x00000007c0000000)
  eden space 582144K, 100% used [0x0000000795580000,0x00000007b8e00000,0x00000007b8e00000)
  from space 55296K, 57% used [0x00000007bc400000,0x00000007be2c9b90,0x00000007bfa00000)
  to   space 55296K, 0% used [0x00000007b8e00000,0x00000007b8e00000,0x00000007bc400000)
 ParOldGen       total 720384K, used 553389K [0x0000000740000000, 0x000000076bf80000, 0x0000000795580000)
  object space 720384K, 76% used [0x0000000740000000,0x0000000761c6b5a0,0x000000076bf80000)
 Metaspace       used 170474K, capacity 193312K, committed 193432K, reserved 1216512K
  class space    used 19886K, capacity 25917K, committed 26024K, reserved 1048576K
Event: 207584.466 GC heap after
Heap after GC invocations=1603 (full 8):
 PSYoungGen      total 637440K, used 28342K [0x0000000795580000, 0x00000007bfc00000, 0x00000007c0000000)
  eden space 582144K, 0% used [0x0000000795580000,0x0000000795580000,0x00000007b8e00000)
  from space 55296K, 51% used [0x00000007b8e00000,0x00000007ba9adaa8,0x00000007bc400000)
  to   space 53248K, 0% used [0x00000007bc800000,0x00000007bc800000,0x00000007bfc00000)
 ParOldGen       total 720384K, used 555747K [0x0000000740000000, 0x000000076bf80000, 0x0000000795580000)
  object space 720384K, 77% used [0x0000000740000000,0x0000000761eb8ee8,0x000000076bf80000)
 Metaspace       used 170474K, capacity 193312K, committed 193432K, reserved 1216512K
  class space    used 19886K, capacity 25917K, committed 26024K, reserved 1048576K
}

