# JRE version: Java(TM) SE Runtime Environment (8.0_131-b11) (build 1.8.0_131-b11)
# Java VM: Java HotSpot(TM) 64-Bit Server VM (25.131-b11 mixed mode bsd-amd64 compressed oops)
Heap:
 PSYoungGen      total 617984K, used 19799K [0x0000000795580000, 0x00000007bd300000, 0x00000007c0000000)
  eden space 584192K, 1% used [0x0000000795580000,0x0000000795ce4cf8,0x00000007b9000000)
  from space 33792K, 36% used [0x00000007b9000000,0x00000007b9bf1100,0x00000007bb100000)
  to   space 32768K, 0% used [0x00000007bb300000,0x00000007bb300000,0x00000007bd300000)
 ParOldGen       total 360960K, used 224295K [0x0000000740000000, 0x0000000756080000, 0x0000000795580000)
  object space 360960K, 62% used [0x0000000740000000,0x000000074db09f40,0x0000000756080000)
 Metaspace       used 122981K, capacity 137059K, committed 137292K, reserved 1167360K
  class space    used 15797K, capacity 19672K, committed 19788K, reserved 1048576K
GC Heap History (10 events):
Event: 121570.421 GC heap before
{Heap before GC invocations=96 (full 5):
 PSYoungGen      total 613888K, used 593566K [0x0000000795580000, 0x00000007bd300000, 0x00000007c0000000)
  eden space 578048K, 100% used [0x0000000795580000,0x00000007b8a00000,0x00000007b8a00000)
  from space 35840K, 43% used [0x00000007bb000000,0x00000007bbf27b88,0x00000007bd300000)
  to   space 37376K, 0% used [0x00000007b8a00000,0x00000007b8a00000,0x00000007bae80000)
 ParOldGen       total 360960K, used 223271K [0x0000000740000000, 0x0000000756080000, 0x0000000795580000)
  object space 360960K, 61% used [0x0000000740000000,0x000000074da09f40,0x0000000756080000)
 Metaspace       used 122801K, capacity 136897K, committed 137036K, reserved 1167360K
  class space    used 15793K, capacity 19665K, committed 19788K, reserved 1048576K
Event: 121571.098 GC heap after
Heap after GC invocations=96 (full 5):
 PSYoungGen      total 615424K, used 11029K [0x0000000795580000, 0x00000007bd680000, 0x00000007c0000000)
  eden space 578048K, 0% used [0x0000000795580000,0x0000000795580000,0x00000007b8a00000)
  from space 37376K, 29% used [0x00000007b8a00000,0x00000007b94c54a0,0x00000007bae80000)
  to   space 36864K, 0% used [0x00000007bb280000,0x00000007bb280000,0x00000007bd680000)
 ParOldGen       total 360960K, used 223575K [0x0000000740000000, 0x0000000756080000, 0x0000000795580000)
  object space 360960K, 61% used [0x0000000740000000,0x000000074da55f40,0x0000000756080000)
 Metaspace       used 122801K, capacity 136897K, committed 137036K, reserved 1167360K
  class space    used 15793K, capacity 19665K, committed 19788K, reserved 1048576K
}
Event: 128023.211 GC heap before
{Heap before GC invocations=97 (full 5):
 PSYoungGen      total 615424K, used 589077K [0x0000000795580000, 0x00000007bd680000, 0x00000007c0000000)
  eden space 578048K, 100% used [0x0000000795580000,0x00000007b8a00000,0x00000007b8a00000)
  from space 37376K, 29% used [0x00000007b8a00000,0x00000007b94c54a0,0x00000007bae80000)
  to   space 36864K, 0% used [0x00000007bb280000,0x00000007bb280000,0x00000007bd680000)
 ParOldGen       total 360960K, used 223575K [0x0000000740000000, 0x0000000756080000, 0x0000000795580000)
  object space 360960K, 61% used [0x0000000740000000,0x000000074da55f40,0x0000000756080000)
 Metaspace       used 122923K, capacity 136995K, committed 137292K, reserved 1167360K
  class space    used 15797K, capacity 19672K, committed 19788K, reserved 1048576K
Event: 128023.554 GC heap after
Heap after GC invocations=97 (full 5):
 PSYoungGen      total 614400K, used 18570K [0x0000000795580000, 0x00000007bd280000, 0x00000007c0000000)
  eden space 581632K, 0% used [0x0000000795580000,0x0000000795580000,0x00000007b8d80000)
  from space 32768K, 56% used [0x00000007bb280000,0x00000007bc4a2a58,0x00000007bd280000)
  to   space 35328K, 0% used [0x00000007b8d80000,0x00000007b8d80000,0x00000007bb000000)
 ParOldGen       total 360960K, used 223751K [0x0000000740000000, 0x0000000756080000, 0x0000000795580000)
  object space 360960K, 61% used [0x0000000740000000,0x000000074da81f40,0x0000000756080000)
 Metaspace       used 122923K, capacity 136995K, committed 137292K, reserved 1167360K
  class space    used 15797K, capacity 19672K, committed 19788K, reserved 1048576K
}
Event: 131343.027 GC heap before
{Heap before GC invocations=98 (full 5):
 PSYoungGen      total 614400K, used 600202K [0x0000000795580000, 0x00000007bd280000, 0x00000007c0000000)
  eden space 581632K, 100% used [0x0000000795580000,0x00000007b8d80000,0x00000007b8d80000)
  from space 32768K, 56% used [0x00000007bb280000,0x00000007bc4a2a58,0x00000007bd280000)
  to   space 35328K, 0% used [0x00000007b8d80000,0x00000007b8d80000,0x00000007bb000000)
 ParOldGen       total 360960K, used 223751K [0x0000000740000000, 0x0000000756080000, 0x0000000795580000)
  object space 360960K, 61% used [0x0000000740000000,0x000000074da81f40,0x0000000756080000)
 Metaspace       used 122942K, capacity 136995K, committed 137292K, reserved 1167360K
  class space    used 15797K, capacity 19672K, committed 19788K, reserved 1048576K
Event: 131343.544 GC heap after
Heap after GC invocations=98 (full 5):
 PSYoungGen      total 616960K, used 13902K [0x0000000795580000, 0x00000007bd380000, 0x00000007c0000000)
  eden space 581632K, 0% used [0x0000000795580000,0x0000000795580000,0x00000007b8d80000)
  from space 35328K, 39% used [0x00000007b8d80000,0x00000007b9b13b58,0x00000007bb000000)
  to   space 34304K, 0% used [0x00000007bb200000,0x00000007bb200000,0x00000007bd380000)
 ParOldGen       total 360960K, used 223975K [0x0000000740000000, 0x0000000756080000, 0x0000000795580000)
  object space 360960K, 62% used [0x0000000740000000,0x000000074dab9f40,0x0000000756080000)
 Metaspace       used 122942K, capacity 136995K, committed 137292K, reserved 1167360K
  class space    used 15797K, capacity 19672K, committed 19788K, reserved 1048576K
}
Event: 138920.026 GC heap before
{Heap before GC invocations=99 (full 5):
 PSYoungGen      total 616960K, used 595534K [0x0000000795580000, 0x00000007bd380000, 0x00000007c0000000)
  eden space 581632K, 100% used [0x0000000795580000,0x00000007b8d80000,0x00000007b8d80000)
  from space 35328K, 39% used [0x00000007b8d80000,0x00000007b9b13b58,0x00000007bb000000)
  to   space 34304K, 0% used [0x00000007bb200000,0x00000007bb200000,0x00000007bd380000)
 ParOldGen       total 360960K, used 223975K [0x0000000740000000, 0x0000000756080000, 0x0000000795580000)
  object space 360960K, 62% used [0x0000000740000000,0x000000074dab9f40,0x0000000756080000)
 Metaspace       used 122969K, capacity 136995K, committed 137292K, reserved 1167360K
  class space    used 15797K, capacity 19672K, committed 19788K, reserved 1048576K
Event: 138921.133 GC heap after
Heap after GC invocations=99 (full 5):
 PSYoungGen      total 616960K, used 12700K [0x0000000795580000, 0x00000007bd200000, 0x00000007c0000000)
  eden space 584192K, 0% used [0x0000000795580000,0x0000000795580000,0x00000007b9000000)
  from space 32768K, 38% used [0x00000007bb200000,0x00000007bbe67050,0x00000007bd200000)
  to   space 33792K, 0% used [0x00000007b9000000,0x00000007b9000000,0x00000007bb100000)
 ParOldGen       total 360960K, used 224175K [0x0000000740000000, 0x0000000756080000, 0x0000000795580000)
  object space 360960K, 62% used [0x0000000740000000,0x000000074daebf40,0x0000000756080000)
 Metaspace       used 122969K, capacity 136995K, committed 137292K, reserved 1167360K
  class space    used 15797K, capacity 19672K, committed 19788K, reserved 1048576K
}
Event: 140064.711 GC heap before
{Heap before GC invocations=100 (full 5):
 PSYoungGen      total 616960K, used 596892K [0x0000000795580000, 0x00000007bd200000, 0x00000007c0000000)
  eden space 584192K, 100% used [0x0000000795580000,0x00000007b9000000,0x00000007b9000000)
  from space 32768K, 38% used [0x00000007bb200000,0x00000007bbe67050,0x00000007bd200000)
  to   space 33792K, 0% used [0x00000007b9000000,0x00000007b9000000,0x00000007bb100000)
 ParOldGen       total 360960K, used 224175K [0x0000000740000000, 0x0000000756080000, 0x0000000795580000)
  object space 360960K, 62% used [0x0000000740000000,0x000000074daebf40,0x0000000756080000)
 Metaspace       used 122981K, capacity 137059K, committed 137292K, reserved 1167360K
  class space    used 15797K, capacity 19672K, committed 19788K, reserved 1048576K
Event: 140065.058 GC heap after
Heap after GC invocations=100 (full 5):
 PSYoungGen      total 617984K, used 12228K [0x0000000795580000, 0x00000007bd300000, 0x00000007c0000000)
  eden space 584192K, 0% used [0x0000000795580000,0x0000000795580000,0x00000007b9000000)
  from space 33792K, 36% used [0x00000007b9000000,0x00000007b9bf1100,0x00000007bb100000)
  to   space 32768K, 0% used [0x00000007bb300000,0x00000007bb300000,0x00000007bd300000)
 ParOldGen       total 360960K, used 224295K [0x0000000740000000, 0x0000000756080000, 0x0000000795580000)
  object space 360960K, 62% used [0x0000000740000000,0x000000074db09f40,0x0000000756080000)
 Metaspace       used 122981K, capacity 137059K, committed 137292K, reserved 1167360K
  class space    used 15797K, capacity 19672K, committed 19788K, reserved 1048576K
}

